2025-03-21 23:18:17.906 | INFO     | __main__:<module>:70 - Starting build process...
2025-03-21 23:18:17.907 | INFO     | __main__:clean_previous_build:8 - Cleaning previous build...
2025-03-21 23:18:17.908 | INFO     | __main__:create_resources:17 - Setting up resources...
2025-03-21 23:18:17.909 | INFO     | __main__:build_executable:57 - Starting PyInstaller build...
2025-03-21 23:18:17.951 | INFO     | __main__:build_executable:60 - Build completed successfully!
2025-03-21 23:18:17.952 | INFO     | __main__:build_executable:61 - Executable can be found in the 'dist' directory
2025-03-21 23:22:11.870 | INFO     | __main__:<module>:70 - Starting build process...
2025-03-21 23:22:11.871 | INFO     | __main__:clean_previous_build:8 - Cleaning previous build...
2025-03-21 23:22:11.872 | INFO     | __main__:create_resources:17 - Setting up resources...
2025-03-21 23:22:11.873 | INFO     | __main__:build_executable:57 - Starting PyInstaller build...
2025-03-21 23:23:09.281 | INFO     | __main__:build_executable:60 - Build completed successfully!
2025-03-21 23:23:09.282 | INFO     | __main__:build_executable:61 - Executable can be found in the 'dist' directory
2025-03-21 23:23:31.566 | INFO     | __main__:<module>:75 - Starting build process...
2025-03-21 23:23:31.567 | INFO     | __main__:clean_previous_build:8 - Cleaning previous build...
2025-03-21 23:23:31.568 | INFO     | __main__:clean_previous_build:13 - Removed build directory
2025-03-21 23:23:31.570 | INFO     | __main__:clean_previous_build:13 - Removed dist directory
2025-03-21 23:23:31.570 | INFO     | __main__:create_resources:17 - Setting up resources...
2025-03-21 23:23:31.571 | INFO     | __main__:build_executable:62 - Starting PyInstaller build...
2025-03-21 23:24:32.180 | INFO     | __main__:build_executable:65 - Build completed successfully!
2025-03-21 23:24:32.180 | INFO     | __main__:build_executable:66 - Executable can be found in the 'dist' directory
2025-03-21 23:24:54.983 | INFO     | __main__:<module>:73 - Starting build process...
2025-03-21 23:24:54.984 | INFO     | __main__:clean_previous_build:8 - Cleaning previous build...
2025-03-21 23:24:54.994 | INFO     | __main__:clean_previous_build:13 - Removed build directory
2025-03-21 23:24:54.996 | INFO     | __main__:clean_previous_build:13 - Removed dist directory
2025-03-21 23:24:54.996 | INFO     | __main__:create_resources:17 - Setting up resources...
2025-03-21 23:24:54.997 | INFO     | __main__:build_executable:60 - Starting PyInstaller build...
